{"/Users/reginaldomiranda/dnc/dnc-sales-dashboard-rm/src/components/BannerImage.tsx": {"path":"/Users/reginaldomiranda/dnc/dnc-sales-dashboard-rm/src/components/BannerImage.tsx","statementMap":{"0":{"start":{"line":1,"column":0},"end":{"line":1,"column":38}},"1":{"start":{"line":3,"column":13},"end":{"line":8,"column":null}}},"fnMap":{},"branchMap":{},"s":{"0":1,"1":1},"f":{},"b":{}}
,"/Users/reginaldomiranda/dnc/dnc-sales-dashboard-rm/src/utils/highlightTextConvert.ts": {"path":"/Users/reginaldomiranda/dnc/dnc-sales-dashboard-rm/src/utils/highlightTextConvert.ts","statementMap":{"0":{"start":{"line":7,"column":0},"end":{"line":7,"column":16}},"1":{"start":{"line":8,"column":2},"end":{"line":17,"column":3}},"2":{"start":{"line":10,"column":7},"end":{"line":10,"column":null}},"3":{"start":{"line":12,"column":8},"end":{"line":12,"column":null}},"4":{"start":{"line":14,"column":8},"end":{"line":14,"column":null}},"5":{"start":{"line":16,"column":8},"end":{"line":16,"column":null}}},"fnMap":{"0":{"name":"highlightTextConvert","decl":{"start":{"line":7,"column":16},"end":{"line":7,"column":36}},"loc":{"start":{"line":7,"column":49},"end":{"line":18,"column":1}}}},"branchMap":{"0":{"loc":{"start":{"line":8,"column":2},"end":{"line":17,"column":3}},"type":"switch","locations":[{"start":{"line":9,"column":4},"end":{"line":10,"column":null}},{"start":{"line":11,"column":4},"end":{"line":12,"column":null}},{"start":{"line":13,"column":4},"end":{"line":14,"column":null}},{"start":{"line":15,"column":4},"end":{"line":16,"column":null}}]}},"s":{"0":1,"1":4,"2":1,"3":1,"4":1,"5":1},"f":{"0":4},"b":{"0":[1,1,1,1]}}
,"/Users/reginaldomiranda/dnc/dnc-sales-dashboard-rm/src/utils/jwtExpirationDateConverter.ts": {"path":"/Users/reginaldomiranda/dnc/dnc-sales-dashboard-rm/src/utils/jwtExpirationDateConverter.ts","statementMap":{"0":{"start":{"line":7,"column":0},"end":{"line":7,"column":16}},"1":{"start":{"line":8,"column":24},"end":{"line":8,"column":51}},"2":{"start":{"line":9,"column":35},"end":{"line":9,"column":52}},"3":{"start":{"line":10,"column":26},"end":{"line":10,"column":38}},"4":{"start":{"line":11,"column":32},"end":{"line":11,"column":70}},"5":{"start":{"line":12,"column":4},"end":{"line":12,"column":31}}},"fnMap":{"0":{"name":"jwtExpirationDateConverter","decl":{"start":{"line":7,"column":16},"end":{"line":7,"column":42}},"loc":{"start":{"line":7,"column":54},"end":{"line":13,"column":1}}}},"branchMap":{},"s":{"0":1,"1":3,"2":3,"3":3,"4":3,"5":3},"f":{"0":3},"b":{}}
,"/Users/reginaldomiranda/dnc/dnc-sales-dashboard-rm/src/utils/pxToRem.ts": {"path":"/Users/reginaldomiranda/dnc/dnc-sales-dashboard-rm/src/utils/pxToRem.ts","statementMap":{"0":{"start":{"line":7,"column":0},"end":{"line":7,"column":16}},"1":{"start":{"line":8,"column":4},"end":{"line":8,"column":32}}},"fnMap":{"0":{"name":"pxToRem","decl":{"start":{"line":7,"column":16},"end":{"line":7,"column":23}},"loc":{"start":{"line":7,"column":38},"end":{"line":9,"column":1}}}},"branchMap":{},"s":{"0":1,"1":7},"f":{"0":7},"b":{}}
}
