{"/Users/reginaldomiranda/dnc/dnc-sales-dashboard-rm/src/components/AvatarList.tsx": {"path":"/Users/reginaldomiranda/dnc/dnc-sales-dashboard-rm/src/components/AvatarList.tsx","statementMap":{"0":{"start":{"line":1,"column":0},"end":{"line":1,"column":53}},"1":{"start":{"line":2,"column":0},"end":{"line":2,"column":43}},"2":{"start":{"line":3,"column":0},"end":{"line":3,"column":34}},"3":{"start":{"line":7,"column":4},"end":{"line":41,"column":null}},"4":{"start":{"line":11,"column":20},"end":{"line":12,"column":null}},"5":{"start":{"line":43,"column":0},"end":{"line":43,"column":null}}},"fnMap":{"0":{"name":"AvatarList","decl":{"start":{"line":6,"column":9},"end":{"line":6,"column":19}},"loc":{"start":{"line":6,"column":43},"end":{"line":42,"column":1}}},"1":{"name":"(anonymous_1)","decl":{"start":{"line":10,"column":35},"end":{"line":10,"column":36}},"loc":{"start":{"line":11,"column":20},"end":{"line":12,"column":null}}}},"branchMap":{},"s":{"0":3,"1":3,"2":3,"3":0,"4":0,"5":3},"f":{"0":0,"1":0},"b":{}}
,"/Users/reginaldomiranda/dnc/dnc-sales-dashboard-rm/src/components/BannerImage.tsx": {"path":"/Users/reginaldomiranda/dnc/dnc-sales-dashboard-rm/src/components/BannerImage.tsx","statementMap":{"0":{"start":{"line":1,"column":0},"end":{"line":1,"column":38}},"1":{"start":{"line":3,"column":13},"end":{"line":9,"column":null}}},"fnMap":{},"branchMap":{},"s":{"0":4,"1":4},"f":{},"b":{}}
,"/Users/reginaldomiranda/dnc/dnc-sales-dashboard-rm/src/components/CardComponents.tsx": {"path":"/Users/reginaldomiranda/dnc/dnc-sales-dashboard-rm/src/components/CardComponents.tsx","statementMap":{"0":{"start":{"line":1,"column":0},"end":{"line":1,"column":38}},"1":{"start":{"line":2,"column":0},"end":{"line":2,"column":42}},"2":{"start":{"line":4,"column":13},"end":{"line":28,"column":null}},"3":{"start":{"line":5,"column":33},"end":{"line":5,"column":60}},"4":{"start":{"line":6,"column":43},"end":{"line":6,"column":66}},"5":{"start":{"line":11,"column":33},"end":{"line":11,"column":55}},"6":{"start":{"line":12,"column":29},"end":{"line":12,"column":51}},"7":{"start":{"line":15,"column":33},"end":{"line":15,"column":57}},"8":{"start":{"line":16,"column":29},"end":{"line":16,"column":53}},"9":{"start":{"line":19,"column":33},"end":{"line":19,"column":57}},"10":{"start":{"line":20,"column":29},"end":{"line":20,"column":53}}},"fnMap":{"0":{"name":"(anonymous_1)","decl":{"start":{"line":5,"column":22},"end":{"line":5,"column":23}},"loc":{"start":{"line":5,"column":33},"end":{"line":5,"column":60}}},"1":{"name":"(anonymous_2)","decl":{"start":{"line":6,"column":32},"end":{"line":6,"column":33}},"loc":{"start":{"line":6,"column":43},"end":{"line":6,"column":66}}},"2":{"name":"(anonymous_3)","decl":{"start":{"line":11,"column":22},"end":{"line":11,"column":23}},"loc":{"start":{"line":11,"column":33},"end":{"line":11,"column":55}}},"3":{"name":"(anonymous_4)","decl":{"start":{"line":12,"column":18},"end":{"line":12,"column":19}},"loc":{"start":{"line":12,"column":29},"end":{"line":12,"column":51}}},"4":{"name":"(anonymous_5)","decl":{"start":{"line":15,"column":22},"end":{"line":15,"column":23}},"loc":{"start":{"line":15,"column":33},"end":{"line":15,"column":57}}},"5":{"name":"(anonymous_6)","decl":{"start":{"line":16,"column":18},"end":{"line":16,"column":19}},"loc":{"start":{"line":16,"column":29},"end":{"line":16,"column":53}}},"6":{"name":"(anonymous_7)","decl":{"start":{"line":19,"column":22},"end":{"line":19,"column":23}},"loc":{"start":{"line":19,"column":33},"end":{"line":19,"column":57}}},"7":{"name":"(anonymous_8)","decl":{"start":{"line":20,"column":18},"end":{"line":20,"column":19}},"loc":{"start":{"line":20,"column":29},"end":{"line":20,"column":53}}}},"branchMap":{},"s":{"0":3,"1":3,"2":3,"3":8,"4":8,"5":8,"6":8,"7":8,"8":8,"9":8,"10":8},"f":{"0":8,"1":8,"2":8,"3":8,"4":8,"5":8,"6":8,"7":8},"b":{}}
,"/Users/reginaldomiranda/dnc/dnc-sales-dashboard-rm/src/components/CustomChart.tsx": {"path":"/Users/reginaldomiranda/dnc/dnc-sales-dashboard-rm/src/components/CustomChart.tsx","statementMap":{"0":{"start":{"line":1,"column":0},"end":{"line":1,"column":45}},"1":{"start":{"line":3,"column":0},"end":{"line":3,"column":null}},"2":{"start":{"line":16,"column":0},"end":{"line":16,"column":39}},"3":{"start":{"line":17,"column":0},"end":{"line":17,"column":36}},"4":{"start":{"line":20,"column":0},"end":{"line":29,"column":null}},"5":{"start":{"line":33,"column":35},"end":{"line":33,"column":40}},"6":{"start":{"line":34,"column":18},"end":{"line":34,"column":28}},"7":{"start":{"line":35,"column":19},"end":{"line":70,"column":null}},"8":{"start":{"line":71,"column":18},"end":{"line":82,"column":null}},"9":{"start":{"line":83,"column":0},"end":{"line":86,"column":null}},"10":{"start":{"line":89,"column":0},"end":{"line":89,"column":null}}},"fnMap":{"0":{"name":"CustomChart","decl":{"start":{"line":31,"column":9},"end":{"line":31,"column":20}},"loc":{"start":{"line":31,"column":44},"end":{"line":88,"column":5}}}},"branchMap":{"0":{"loc":{"start":{"line":83,"column":7},"end":{"line":85,"column":null}},"type":"cond-expr","locations":[{"start":{"line":83,"column":24},"end":{"line":83,"column":64}},{"start":{"line":85,"column":8},"end":{"line":85,"column":49}}]}},"s":{"0":3,"1":3,"2":3,"3":3,"4":3,"5":0,"6":0,"7":0,"8":0,"9":0,"10":3},"f":{"0":0},"b":{"0":[0,0]}}
,"/Users/reginaldomiranda/dnc/dnc-sales-dashboard-rm/src/components/CustomTable.tsx": {"path":"/Users/reginaldomiranda/dnc/dnc-sales-dashboard-rm/src/components/CustomTable.tsx","statementMap":{"0":{"start":{"line":1,"column":0},"end":{"line":1,"column":38}},"1":{"start":{"line":3,"column":0},"end":{"line":3,"column":34}},"2":{"start":{"line":5,"column":21},"end":{"line":50,"column":null}},"3":{"start":{"line":9,"column":33},"end":{"line":9,"column":58}},"4":{"start":{"line":39,"column":24},"end":{"line":39,"column":57}},"5":{"start":{"line":44,"column":55},"end":{"line":44,"column":83}},"6":{"start":{"line":52,"column":30},"end":{"line":52,"column":35}},"7":{"start":{"line":54,"column":4},"end":{"line":85,"column":null}},"8":{"start":{"line":61,"column":28},"end":{"line":61,"column":45}},"9":{"start":{"line":70,"column":24},"end":{"line":70,"column":null}},"10":{"start":{"line":73,"column":36},"end":{"line":73,"column":null}},"11":{"start":{"line":89,"column":0},"end":{"line":89,"column":null}}},"fnMap":{"0":{"name":"(anonymous_1)","decl":{"start":{"line":9,"column":22},"end":{"line":9,"column":23}},"loc":{"start":{"line":9,"column":33},"end":{"line":9,"column":58}}},"1":{"name":"(anonymous_2)","decl":{"start":{"line":39,"column":13},"end":{"line":39,"column":14}},"loc":{"start":{"line":39,"column":24},"end":{"line":39,"column":57}}},"2":{"name":"(anonymous_3)","decl":{"start":{"line":44,"column":44},"end":{"line":44,"column":45}},"loc":{"start":{"line":44,"column":55},"end":{"line":44,"column":83}}},"3":{"name":"CustomTable","decl":{"start":{"line":51,"column":9},"end":{"line":51,"column":20}},"loc":{"start":{"line":51,"column":44},"end":{"line":88,"column":1}}},"4":{"name":"(anonymous_5)","decl":{"start":{"line":60,"column":36},"end":{"line":60,"column":37}},"loc":{"start":{"line":61,"column":28},"end":{"line":61,"column":45}}},"5":{"name":"(anonymous_6)","decl":{"start":{"line":69,"column":29},"end":{"line":69,"column":30}},"loc":{"start":{"line":70,"column":24},"end":{"line":70,"column":null}}},"6":{"name":"(anonymous_7)","decl":{"start":{"line":72,"column":40},"end":{"line":72,"column":41}},"loc":{"start":{"line":73,"column":36},"end":{"line":73,"column":null}}}},"branchMap":{},"s":{"0":3,"1":3,"2":3,"3":0,"4":0,"5":0,"6":0,"7":0,"8":0,"9":0,"10":0,"11":3},"f":{"0":0,"1":0,"2":0,"3":0,"4":0,"5":0,"6":0},"b":{}}
,"/Users/reginaldomiranda/dnc/dnc-sales-dashboard-rm/src/components/FormComponents.tsx": {"path":"/Users/reginaldomiranda/dnc/dnc-sales-dashboard-rm/src/components/FormComponents.tsx","statementMap":{"0":{"start":{"line":1,"column":0},"end":{"line":1,"column":42}},"1":{"start":{"line":2,"column":0},"end":{"line":2,"column":46}},"2":{"start":{"line":4,"column":0},"end":{"line":4,"column":34}},"3":{"start":{"line":6,"column":13},"end":{"line":10,"column":null}},"4":{"start":{"line":13,"column":39},"end":{"line":13,"column":44}},"5":{"start":{"line":14,"column":2},"end":{"line":28,"column":null}},"6":{"start":{"line":17,"column":8},"end":{"line":17,"column":37}},"7":{"start":{"line":20,"column":8},"end":{"line":20,"column":38}},"8":{"start":{"line":30,"column":0},"end":{"line":30,"column":null}}},"fnMap":{"0":{"name":"FormComponent","decl":{"start":{"line":12,"column":9},"end":{"line":12,"column":22}},"loc":{"start":{"line":12,"column":49},"end":{"line":29,"column":1}}},"1":{"name":"(anonymous_1)","decl":{"start":{"line":16,"column":18},"end":{"line":16,"column":19}},"loc":{"start":{"line":17,"column":8},"end":{"line":17,"column":37}}},"2":{"name":"(anonymous_2)","decl":{"start":{"line":19,"column":19},"end":{"line":19,"column":20}},"loc":{"start":{"line":20,"column":8},"end":{"line":20,"column":38}}}},"branchMap":{"0":{"loc":{"start":{"line":22,"column":7},"end":{"line":25,"column":null}},"type":"binary-expr","locations":[{"start":{"line":22,"column":7},"end":{"line":22,"column":14}},{"start":{"line":23,"column":8},"end":{"line":24,"column":null}}]},"1":{"loc":{"start":{"line":23,"column":29},"end":{"line":23,"column":71}},"type":"cond-expr","locations":[{"start":{"line":23,"column":56},"end":{"line":23,"column":61}},{"start":{"line":23,"column":64},"end":{"line":23,"column":71}}]}},"s":{"0":3,"1":3,"2":3,"3":3,"4":0,"5":0,"6":0,"7":0,"8":3},"f":{"0":0,"1":0,"2":0},"b":{"0":[0,0],"1":[0,0]}}
,"/Users/reginaldomiranda/dnc/dnc-sales-dashboard-rm/src/components/Header.tsx": {"path":"/Users/reginaldomiranda/dnc/dnc-sales-dashboard-rm/src/components/Header.tsx","statementMap":{"0":{"start":{"line":1,"column":0},"end":{"line":1,"column":38}},"1":{"start":{"line":2,"column":0},"end":{"line":2,"column":39}},"2":{"start":{"line":3,"column":0},"end":{"line":3,"column":29}},"3":{"start":{"line":4,"column":0},"end":{"line":4,"column":54}},"4":{"start":{"line":5,"column":0},"end":{"line":5,"column":42}},"5":{"start":{"line":7,"column":21},"end":{"line":12,"column":null}},"6":{"start":{"line":8,"column":33},"end":{"line":8,"column":58}},"7":{"start":{"line":9,"column":50},"end":{"line":9,"column":78}},"8":{"start":{"line":14,"column":2},"end":{"line":27,"column":null}},"9":{"start":{"line":29,"column":0},"end":{"line":29,"column":null}}},"fnMap":{"0":{"name":"(anonymous_1)","decl":{"start":{"line":8,"column":22},"end":{"line":8,"column":23}},"loc":{"start":{"line":8,"column":33},"end":{"line":8,"column":58}}},"1":{"name":"(anonymous_2)","decl":{"start":{"line":9,"column":39},"end":{"line":9,"column":40}},"loc":{"start":{"line":9,"column":50},"end":{"line":9,"column":78}}},"2":{"name":"Header","decl":{"start":{"line":13,"column":9},"end":{"line":13,"column":15}},"loc":{"start":{"line":13,"column":15},"end":{"line":28,"column":1}}}},"branchMap":{},"s":{"0":3,"1":3,"2":3,"3":3,"4":3,"5":3,"6":0,"7":0,"8":0,"9":3},"f":{"0":0,"1":0,"2":0},"b":{}}
,"/Users/reginaldomiranda/dnc/dnc-sales-dashboard-rm/src/components/Logo.tsx": {"path":"/Users/reginaldomiranda/dnc/dnc-sales-dashboard-rm/src/components/Logo.tsx","statementMap":{"0":{"start":{"line":1,"column":0},"end":{"line":1,"column":38}},"1":{"start":{"line":2,"column":0},"end":{"line":2,"column":34}},"2":{"start":{"line":4,"column":13},"end":{"line":9,"column":null}},"3":{"start":{"line":5,"column":37},"end":{"line":5,"column":56}},"4":{"start":{"line":7,"column":23},"end":{"line":7,"column":44}},"5":{"start":{"line":8,"column":22},"end":{"line":8,"column":42}},"6":{"start":{"line":10,"column":0},"end":{"line":10,"column":null}}},"fnMap":{"0":{"name":"(anonymous_1)","decl":{"start":{"line":5,"column":26},"end":{"line":5,"column":27}},"loc":{"start":{"line":5,"column":37},"end":{"line":5,"column":56}}},"1":{"name":"(anonymous_2)","decl":{"start":{"line":7,"column":12},"end":{"line":7,"column":13}},"loc":{"start":{"line":7,"column":23},"end":{"line":7,"column":44}}},"2":{"name":"(anonymous_3)","decl":{"start":{"line":8,"column":11},"end":{"line":8,"column":12}},"loc":{"start":{"line":8,"column":22},"end":{"line":8,"column":42}}}},"branchMap":{},"s":{"0":3,"1":3,"2":3,"3":4,"4":4,"5":4,"6":3},"f":{"0":4,"1":4,"2":4},"b":{}}
,"/Users/reginaldomiranda/dnc/dnc-sales-dashboard-rm/src/components/StyledButton.tsx": {"path":"/Users/reginaldomiranda/dnc/dnc-sales-dashboard-rm/src/components/StyledButton.tsx","statementMap":{"0":{"start":{"line":1,"column":0},"end":{"line":1,"column":39}},"1":{"start":{"line":3,"column":0},"end":{"line":3,"column":35}},"2":{"start":{"line":5,"column":13},"end":{"line":55,"column":2}},"3":{"start":{"line":18,"column":31},"end":{"line":18,"column":58}},"4":{"start":{"line":19,"column":20},"end":{"line":19,"column":52}},"5":{"start":{"line":21,"column":33},"end":{"line":21,"column":65}},"6":{"start":{"line":26,"column":31},"end":{"line":26,"column":56}},"7":{"start":{"line":27,"column":20},"end":{"line":27,"column":50}},"8":{"start":{"line":30,"column":33},"end":{"line":30,"column":63}},"9":{"start":{"line":36,"column":22},"end":{"line":36,"column":47}},"10":{"start":{"line":41,"column":24},"end":{"line":41,"column":54}},"11":{"start":{"line":46,"column":33},"end":{"line":46,"column":61}},"12":{"start":{"line":47,"column":22},"end":{"line":47,"column":55}},"13":{"start":{"line":51,"column":35},"end":{"line":51,"column":63}},"14":{"start":{"line":52,"column":24},"end":{"line":52,"column":52}}},"fnMap":{"0":{"name":"(anonymous_1)","decl":{"start":{"line":18,"column":22},"end":{"line":18,"column":27}},"loc":{"start":{"line":18,"column":31},"end":{"line":18,"column":58}}},"1":{"name":"(anonymous_2)","decl":{"start":{"line":19,"column":11},"end":{"line":19,"column":16}},"loc":{"start":{"line":19,"column":20},"end":{"line":19,"column":52}}},"2":{"name":"(anonymous_3)","decl":{"start":{"line":21,"column":24},"end":{"line":21,"column":29}},"loc":{"start":{"line":21,"column":33},"end":{"line":21,"column":65}}},"3":{"name":"(anonymous_4)","decl":{"start":{"line":26,"column":22},"end":{"line":26,"column":27}},"loc":{"start":{"line":26,"column":31},"end":{"line":26,"column":56}}},"4":{"name":"(anonymous_5)","decl":{"start":{"line":27,"column":11},"end":{"line":27,"column":16}},"loc":{"start":{"line":27,"column":20},"end":{"line":27,"column":50}}},"5":{"name":"(anonymous_6)","decl":{"start":{"line":30,"column":24},"end":{"line":30,"column":29}},"loc":{"start":{"line":30,"column":33},"end":{"line":30,"column":63}}},"6":{"name":"(anonymous_7)","decl":{"start":{"line":36,"column":13},"end":{"line":36,"column":18}},"loc":{"start":{"line":36,"column":22},"end":{"line":36,"column":47}}},"7":{"name":"(anonymous_8)","decl":{"start":{"line":41,"column":15},"end":{"line":41,"column":20}},"loc":{"start":{"line":41,"column":24},"end":{"line":41,"column":54}}},"8":{"name":"(anonymous_9)","decl":{"start":{"line":46,"column":24},"end":{"line":46,"column":29}},"loc":{"start":{"line":46,"column":33},"end":{"line":46,"column":61}}},"9":{"name":"(anonymous_10)","decl":{"start":{"line":47,"column":13},"end":{"line":47,"column":18}},"loc":{"start":{"line":47,"column":22},"end":{"line":47,"column":55}}},"10":{"name":"(anonymous_11)","decl":{"start":{"line":51,"column":26},"end":{"line":51,"column":31}},"loc":{"start":{"line":51,"column":35},"end":{"line":51,"column":63}}},"11":{"name":"(anonymous_12)","decl":{"start":{"line":52,"column":15},"end":{"line":52,"column":20}},"loc":{"start":{"line":52,"column":24},"end":{"line":52,"column":52}}}},"branchMap":{},"s":{"0":3,"1":3,"2":3,"3":8,"4":8,"5":8,"6":8,"7":8,"8":8,"9":8,"10":8,"11":8,"12":8,"13":8,"14":8},"f":{"0":8,"1":8,"2":8,"3":8,"4":8,"5":8,"6":8,"7":8,"8":8,"9":8,"10":8,"11":8},"b":{}}
,"/Users/reginaldomiranda/dnc/dnc-sales-dashboard-rm/src/components/StyledInput.tsx": {"path":"/Users/reginaldomiranda/dnc/dnc-sales-dashboard-rm/src/components/StyledInput.tsx","statementMap":{"0":{"start":{"line":1,"column":0},"end":{"line":1,"column":38}},"1":{"start":{"line":3,"column":0},"end":{"line":3,"column":34}},"2":{"start":{"line":5,"column":13},"end":{"line":29,"column":null}},"3":{"start":{"line":6,"column":31},"end":{"line":6,"column":59}},"4":{"start":{"line":7,"column":20},"end":{"line":7,"column":53}},"5":{"start":{"line":9,"column":41},"end":{"line":9,"column":74}},"6":{"start":{"line":20,"column":33},"end":{"line":20,"column":63}},"7":{"start":{"line":21,"column":43},"end":{"line":21,"column":84}},"8":{"start":{"line":22,"column":22},"end":{"line":22,"column":57}},"9":{"start":{"line":27,"column":22},"end":{"line":27,"column":60}}},"fnMap":{"0":{"name":"(anonymous_1)","decl":{"start":{"line":6,"column":22},"end":{"line":6,"column":27}},"loc":{"start":{"line":6,"column":31},"end":{"line":6,"column":59}}},"1":{"name":"(anonymous_2)","decl":{"start":{"line":7,"column":11},"end":{"line":7,"column":16}},"loc":{"start":{"line":7,"column":20},"end":{"line":7,"column":53}}},"2":{"name":"(anonymous_3)","decl":{"start":{"line":9,"column":32},"end":{"line":9,"column":37}},"loc":{"start":{"line":9,"column":41},"end":{"line":9,"column":74}}},"3":{"name":"(anonymous_4)","decl":{"start":{"line":20,"column":24},"end":{"line":20,"column":29}},"loc":{"start":{"line":20,"column":33},"end":{"line":20,"column":63}}},"4":{"name":"(anonymous_5)","decl":{"start":{"line":21,"column":34},"end":{"line":21,"column":39}},"loc":{"start":{"line":21,"column":43},"end":{"line":21,"column":84}}},"5":{"name":"(anonymous_6)","decl":{"start":{"line":22,"column":13},"end":{"line":22,"column":18}},"loc":{"start":{"line":22,"column":22},"end":{"line":22,"column":57}}},"6":{"name":"(anonymous_7)","decl":{"start":{"line":27,"column":13},"end":{"line":27,"column":18}},"loc":{"start":{"line":27,"column":22},"end":{"line":27,"column":60}}}},"branchMap":{},"s":{"0":3,"1":3,"2":3,"3":0,"4":0,"5":0,"6":0,"7":0,"8":0,"9":0},"f":{"0":0,"1":0,"2":0,"3":0,"4":0,"5":0,"6":0},"b":{}}
,"/Users/reginaldomiranda/dnc/dnc-sales-dashboard-rm/src/components/index.ts": {"path":"/Users/reginaldomiranda/dnc/dnc-sales-dashboard-rm/src/components/index.ts","statementMap":{"0":{"start":{"line":2,"column":0},"end":{"line":2,"column":29}},"1":{"start":{"line":3,"column":0},"end":{"line":3,"column":32}},"2":{"start":{"line":4,"column":0},"end":{"line":4,"column":30}},"3":{"start":{"line":5,"column":0},"end":{"line":5,"column":29}},"4":{"start":{"line":6,"column":0},"end":{"line":6,"column":30}},"5":{"start":{"line":7,"column":0},"end":{"line":7,"column":22}},"6":{"start":{"line":8,"column":0},"end":{"line":8,"column":9}},"7":{"start":{"line":8,"column":9},"end":{"line":8,"column":30}},"8":{"start":{"line":9,"column":0},"end":{"line":9,"column":9}},"9":{"start":{"line":9,"column":9},"end":{"line":9,"column":31}},"10":{"start":{"line":10,"column":0},"end":{"line":10,"column":9}},"11":{"start":{"line":10,"column":9},"end":{"line":10,"column":31}},"12":{"start":{"line":11,"column":0},"end":{"line":11,"column":9}},"13":{"start":{"line":11,"column":9},"end":{"line":11,"column":34}},"14":{"start":{"line":12,"column":0},"end":{"line":12,"column":9}},"15":{"start":{"line":12,"column":9},"end":{"line":12,"column":26}}},"fnMap":{"0":{"name":"(anonymous_5)","decl":{"start":{"line":8,"column":9},"end":{"line":8,"column":16}},"loc":{"start":{"line":8,"column":9},"end":{"line":8,"column":30}}},"1":{"name":"(anonymous_6)","decl":{"start":{"line":9,"column":9},"end":{"line":9,"column":16}},"loc":{"start":{"line":9,"column":9},"end":{"line":9,"column":31}}},"2":{"name":"(anonymous_7)","decl":{"start":{"line":10,"column":9},"end":{"line":10,"column":16}},"loc":{"start":{"line":10,"column":9},"end":{"line":10,"column":31}}},"3":{"name":"(anonymous_8)","decl":{"start":{"line":11,"column":9},"end":{"line":11,"column":16}},"loc":{"start":{"line":11,"column":9},"end":{"line":11,"column":34}}},"4":{"name":"(anonymous_9)","decl":{"start":{"line":12,"column":9},"end":{"line":12,"column":16}},"loc":{"start":{"line":12,"column":9},"end":{"line":12,"column":26}}}},"branchMap":{},"s":{"0":3,"1":3,"2":3,"3":3,"4":3,"5":3,"6":3,"7":3,"8":3,"9":3,"10":3,"11":3,"12":3,"13":3,"14":3,"15":3},"f":{"0":0,"1":0,"2":0,"3":0,"4":0},"b":{}}
,"/Users/reginaldomiranda/dnc/dnc-sales-dashboard-rm/src/components/typographies.tsx": {"path":"/Users/reginaldomiranda/dnc/dnc-sales-dashboard-rm/src/components/typographies.tsx","statementMap":{"0":{"start":{"line":1,"column":0},"end":{"line":1,"column":38}},"1":{"start":{"line":3,"column":0},"end":{"line":3,"column":34}},"2":{"start":{"line":5,"column":13},"end":{"line":12,"column":null}},"3":{"start":{"line":6,"column":22},"end":{"line":6,"column":46}},"4":{"start":{"line":7,"column":26},"end":{"line":7,"column":53}},"5":{"start":{"line":8,"column":28},"end":{"line":8,"column":47}},"6":{"start":{"line":10,"column":28},"end":{"line":10,"column":59}},"7":{"start":{"line":13,"column":13},"end":{"line":19,"column":null}},"8":{"start":{"line":14,"column":22},"end":{"line":14,"column":46}},"9":{"start":{"line":15,"column":26},"end":{"line":15,"column":53}},"10":{"start":{"line":16,"column":28},"end":{"line":16,"column":47}},"11":{"start":{"line":18,"column":28},"end":{"line":18,"column":59}},"12":{"start":{"line":21,"column":13},"end":{"line":27,"column":null}},"13":{"start":{"line":22,"column":22},"end":{"line":22,"column":46}},"14":{"start":{"line":23,"column":26},"end":{"line":23,"column":53}},"15":{"start":{"line":24,"column":28},"end":{"line":24,"column":47}},"16":{"start":{"line":26,"column":28},"end":{"line":26,"column":59}},"17":{"start":{"line":30,"column":13},"end":{"line":35,"column":null}},"18":{"start":{"line":31,"column":22},"end":{"line":31,"column":46}},"19":{"start":{"line":32,"column":26},"end":{"line":32,"column":53}},"20":{"start":{"line":33,"column":28},"end":{"line":33,"column":47}},"21":{"start":{"line":34,"column":28},"end":{"line":34,"column":59}},"22":{"start":{"line":36,"column":13},"end":{"line":41,"column":null}},"23":{"start":{"line":37,"column":22},"end":{"line":37,"column":46}},"24":{"start":{"line":38,"column":26},"end":{"line":38,"column":53}},"25":{"start":{"line":39,"column":28},"end":{"line":39,"column":47}},"26":{"start":{"line":40,"column":28},"end":{"line":40,"column":59}},"27":{"start":{"line":42,"column":13},"end":{"line":52,"column":null}},"28":{"start":{"line":43,"column":22},"end":{"line":43,"column":46}},"29":{"start":{"line":44,"column":26},"end":{"line":44,"column":53}},"30":{"start":{"line":45,"column":28},"end":{"line":45,"column":47}},"31":{"start":{"line":46,"column":28},"end":{"line":46,"column":59}}},"fnMap":{"0":{"name":"(anonymous_1)","decl":{"start":{"line":6,"column":11},"end":{"line":6,"column":12}},"loc":{"start":{"line":6,"column":22},"end":{"line":6,"column":46}}},"1":{"name":"(anonymous_2)","decl":{"start":{"line":7,"column":15},"end":{"line":7,"column":16}},"loc":{"start":{"line":7,"column":26},"end":{"line":7,"column":53}}},"2":{"name":"(anonymous_3)","decl":{"start":{"line":8,"column":17},"end":{"line":8,"column":18}},"loc":{"start":{"line":8,"column":28},"end":{"line":8,"column":47}}},"3":{"name":"(anonymous_4)","decl":{"start":{"line":10,"column":17},"end":{"line":10,"column":18}},"loc":{"start":{"line":10,"column":28},"end":{"line":10,"column":59}}},"4":{"name":"(anonymous_5)","decl":{"start":{"line":14,"column":11},"end":{"line":14,"column":12}},"loc":{"start":{"line":14,"column":22},"end":{"line":14,"column":46}}},"5":{"name":"(anonymous_6)","decl":{"start":{"line":15,"column":15},"end":{"line":15,"column":16}},"loc":{"start":{"line":15,"column":26},"end":{"line":15,"column":53}}},"6":{"name":"(anonymous_7)","decl":{"start":{"line":16,"column":17},"end":{"line":16,"column":18}},"loc":{"start":{"line":16,"column":28},"end":{"line":16,"column":47}}},"7":{"name":"(anonymous_8)","decl":{"start":{"line":18,"column":17},"end":{"line":18,"column":18}},"loc":{"start":{"line":18,"column":28},"end":{"line":18,"column":59}}},"8":{"name":"(anonymous_9)","decl":{"start":{"line":22,"column":11},"end":{"line":22,"column":12}},"loc":{"start":{"line":22,"column":22},"end":{"line":22,"column":46}}},"9":{"name":"(anonymous_10)","decl":{"start":{"line":23,"column":15},"end":{"line":23,"column":16}},"loc":{"start":{"line":23,"column":26},"end":{"line":23,"column":53}}},"10":{"name":"(anonymous_11)","decl":{"start":{"line":24,"column":17},"end":{"line":24,"column":18}},"loc":{"start":{"line":24,"column":28},"end":{"line":24,"column":47}}},"11":{"name":"(anonymous_12)","decl":{"start":{"line":26,"column":17},"end":{"line":26,"column":18}},"loc":{"start":{"line":26,"column":28},"end":{"line":26,"column":59}}},"12":{"name":"(anonymous_13)","decl":{"start":{"line":31,"column":11},"end":{"line":31,"column":12}},"loc":{"start":{"line":31,"column":22},"end":{"line":31,"column":46}}},"13":{"name":"(anonymous_14)","decl":{"start":{"line":32,"column":15},"end":{"line":32,"column":16}},"loc":{"start":{"line":32,"column":26},"end":{"line":32,"column":53}}},"14":{"name":"(anonymous_15)","decl":{"start":{"line":33,"column":17},"end":{"line":33,"column":18}},"loc":{"start":{"line":33,"column":28},"end":{"line":33,"column":47}}},"15":{"name":"(anonymous_16)","decl":{"start":{"line":34,"column":17},"end":{"line":34,"column":18}},"loc":{"start":{"line":34,"column":28},"end":{"line":34,"column":59}}},"16":{"name":"(anonymous_17)","decl":{"start":{"line":37,"column":11},"end":{"line":37,"column":12}},"loc":{"start":{"line":37,"column":22},"end":{"line":37,"column":46}}},"17":{"name":"(anonymous_18)","decl":{"start":{"line":38,"column":15},"end":{"line":38,"column":16}},"loc":{"start":{"line":38,"column":26},"end":{"line":38,"column":53}}},"18":{"name":"(anonymous_19)","decl":{"start":{"line":39,"column":17},"end":{"line":39,"column":18}},"loc":{"start":{"line":39,"column":28},"end":{"line":39,"column":47}}},"19":{"name":"(anonymous_20)","decl":{"start":{"line":40,"column":17},"end":{"line":40,"column":18}},"loc":{"start":{"line":40,"column":28},"end":{"line":40,"column":59}}},"20":{"name":"(anonymous_21)","decl":{"start":{"line":43,"column":11},"end":{"line":43,"column":12}},"loc":{"start":{"line":43,"column":22},"end":{"line":43,"column":46}}},"21":{"name":"(anonymous_22)","decl":{"start":{"line":44,"column":15},"end":{"line":44,"column":16}},"loc":{"start":{"line":44,"column":26},"end":{"line":44,"column":53}}},"22":{"name":"(anonymous_23)","decl":{"start":{"line":45,"column":17},"end":{"line":45,"column":18}},"loc":{"start":{"line":45,"column":28},"end":{"line":45,"column":47}}},"23":{"name":"(anonymous_24)","decl":{"start":{"line":46,"column":17},"end":{"line":46,"column":18}},"loc":{"start":{"line":46,"column":28},"end":{"line":46,"column":59}}}},"branchMap":{"0":{"loc":{"start":{"line":6,"column":22},"end":{"line":6,"column":46}},"type":"binary-expr","locations":[{"start":{"line":6,"column":22},"end":{"line":6,"column":33}},{"start":{"line":6,"column":37},"end":{"line":6,"column":46}}]},"1":{"loc":{"start":{"line":7,"column":34},"end":{"line":7,"column":51}},"type":"binary-expr","locations":[{"start":{"line":7,"column":34},"end":{"line":7,"column":45}},{"start":{"line":7,"column":49},"end":{"line":7,"column":51}}]},"2":{"loc":{"start":{"line":8,"column":28},"end":{"line":8,"column":47}},"type":"binary-expr","locations":[{"start":{"line":8,"column":28},"end":{"line":8,"column":40}},{"start":{"line":8,"column":44},"end":{"line":8,"column":47}}]},"3":{"loc":{"start":{"line":10,"column":36},"end":{"line":10,"column":58}},"type":"binary-expr","locations":[{"start":{"line":10,"column":36},"end":{"line":10,"column":52}},{"start":{"line":10,"column":56},"end":{"line":10,"column":58}}]},"4":{"loc":{"start":{"line":14,"column":22},"end":{"line":14,"column":46}},"type":"binary-expr","locations":[{"start":{"line":14,"column":22},"end":{"line":14,"column":33}},{"start":{"line":14,"column":37},"end":{"line":14,"column":46}}]},"5":{"loc":{"start":{"line":15,"column":34},"end":{"line":15,"column":51}},"type":"binary-expr","locations":[{"start":{"line":15,"column":34},"end":{"line":15,"column":45}},{"start":{"line":15,"column":49},"end":{"line":15,"column":51}}]},"6":{"loc":{"start":{"line":16,"column":28},"end":{"line":16,"column":47}},"type":"binary-expr","locations":[{"start":{"line":16,"column":28},"end":{"line":16,"column":40}},{"start":{"line":16,"column":44},"end":{"line":16,"column":47}}]},"7":{"loc":{"start":{"line":18,"column":36},"end":{"line":18,"column":58}},"type":"binary-expr","locations":[{"start":{"line":18,"column":36},"end":{"line":18,"column":52}},{"start":{"line":18,"column":56},"end":{"line":18,"column":58}}]},"8":{"loc":{"start":{"line":22,"column":22},"end":{"line":22,"column":46}},"type":"binary-expr","locations":[{"start":{"line":22,"column":22},"end":{"line":22,"column":33}},{"start":{"line":22,"column":37},"end":{"line":22,"column":46}}]},"9":{"loc":{"start":{"line":23,"column":34},"end":{"line":23,"column":51}},"type":"binary-expr","locations":[{"start":{"line":23,"column":34},"end":{"line":23,"column":45}},{"start":{"line":23,"column":49},"end":{"line":23,"column":51}}]},"10":{"loc":{"start":{"line":24,"column":28},"end":{"line":24,"column":47}},"type":"binary-expr","locations":[{"start":{"line":24,"column":28},"end":{"line":24,"column":40}},{"start":{"line":24,"column":44},"end":{"line":24,"column":47}}]},"11":{"loc":{"start":{"line":26,"column":36},"end":{"line":26,"column":58}},"type":"binary-expr","locations":[{"start":{"line":26,"column":36},"end":{"line":26,"column":52}},{"start":{"line":26,"column":56},"end":{"line":26,"column":58}}]},"12":{"loc":{"start":{"line":31,"column":22},"end":{"line":31,"column":46}},"type":"binary-expr","locations":[{"start":{"line":31,"column":22},"end":{"line":31,"column":33}},{"start":{"line":31,"column":37},"end":{"line":31,"column":46}}]},"13":{"loc":{"start":{"line":32,"column":34},"end":{"line":32,"column":51}},"type":"binary-expr","locations":[{"start":{"line":32,"column":34},"end":{"line":32,"column":45}},{"start":{"line":32,"column":49},"end":{"line":32,"column":51}}]},"14":{"loc":{"start":{"line":33,"column":28},"end":{"line":33,"column":47}},"type":"binary-expr","locations":[{"start":{"line":33,"column":28},"end":{"line":33,"column":40}},{"start":{"line":33,"column":44},"end":{"line":33,"column":47}}]},"15":{"loc":{"start":{"line":34,"column":36},"end":{"line":34,"column":58}},"type":"binary-expr","locations":[{"start":{"line":34,"column":36},"end":{"line":34,"column":52}},{"start":{"line":34,"column":56},"end":{"line":34,"column":58}}]},"16":{"loc":{"start":{"line":37,"column":22},"end":{"line":37,"column":46}},"type":"binary-expr","locations":[{"start":{"line":37,"column":22},"end":{"line":37,"column":33}},{"start":{"line":37,"column":37},"end":{"line":37,"column":46}}]},"17":{"loc":{"start":{"line":38,"column":34},"end":{"line":38,"column":51}},"type":"binary-expr","locations":[{"start":{"line":38,"column":34},"end":{"line":38,"column":45}},{"start":{"line":38,"column":49},"end":{"line":38,"column":51}}]},"18":{"loc":{"start":{"line":39,"column":28},"end":{"line":39,"column":47}},"type":"binary-expr","locations":[{"start":{"line":39,"column":28},"end":{"line":39,"column":40}},{"start":{"line":39,"column":44},"end":{"line":39,"column":47}}]},"19":{"loc":{"start":{"line":40,"column":36},"end":{"line":40,"column":58}},"type":"binary-expr","locations":[{"start":{"line":40,"column":36},"end":{"line":40,"column":52}},{"start":{"line":40,"column":56},"end":{"line":40,"column":58}}]},"20":{"loc":{"start":{"line":43,"column":22},"end":{"line":43,"column":46}},"type":"binary-expr","locations":[{"start":{"line":43,"column":22},"end":{"line":43,"column":33}},{"start":{"line":43,"column":37},"end":{"line":43,"column":46}}]},"21":{"loc":{"start":{"line":44,"column":34},"end":{"line":44,"column":51}},"type":"binary-expr","locations":[{"start":{"line":44,"column":34},"end":{"line":44,"column":45}},{"start":{"line":44,"column":49},"end":{"line":44,"column":51}}]},"22":{"loc":{"start":{"line":45,"column":28},"end":{"line":45,"column":47}},"type":"binary-expr","locations":[{"start":{"line":45,"column":28},"end":{"line":45,"column":40}},{"start":{"line":45,"column":44},"end":{"line":45,"column":47}}]},"23":{"loc":{"start":{"line":46,"column":36},"end":{"line":46,"column":58}},"type":"binary-expr","locations":[{"start":{"line":46,"column":36},"end":{"line":46,"column":52}},{"start":{"line":46,"column":56},"end":{"line":46,"column":58}}]}},"s":{"0":3,"1":3,"2":3,"3":0,"4":0,"5":0,"6":0,"7":3,"8":0,"9":0,"10":0,"11":0,"12":3,"13":0,"14":0,"15":0,"16":0,"17":3,"18":0,"19":0,"20":0,"21":0,"22":3,"23":0,"24":0,"25":0,"26":0,"27":3,"28":0,"29":0,"30":0,"31":0},"f":{"0":0,"1":0,"2":0,"3":0,"4":0,"5":0,"6":0,"7":0,"8":0,"9":0,"10":0,"11":0,"12":0,"13":0,"14":0,"15":0,"16":0,"17":0,"18":0,"19":0,"20":0,"21":0,"22":0,"23":0},"b":{"0":[0,0],"1":[0,0],"2":[0,0],"3":[0,0],"4":[0,0],"5":[0,0],"6":[0,0],"7":[0,0],"8":[0,0],"9":[0,0],"10":[0,0],"11":[0,0],"12":[0,0],"13":[0,0],"14":[0,0],"15":[0,0],"16":[0,0],"17":[0,0],"18":[0,0],"19":[0,0],"20":[0,0],"21":[0,0],"22":[0,0],"23":[0,0]}}
,"/Users/reginaldomiranda/dnc/dnc-sales-dashboard-rm/src/resources/themesList.ts": {"path":"/Users/reginaldomiranda/dnc/dnc-sales-dashboard-rm/src/resources/themesList.ts","statementMap":{"0":{"start":{"line":1,"column":0},"end":{"line":1,"column":55}},"1":{"start":{"line":3,"column":13},"end":{"line":6,"column":null}}},"fnMap":{},"branchMap":{},"s":{"0":3,"1":3},"f":{},"b":{}}
,"/Users/reginaldomiranda/dnc/dnc-sales-dashboard-rm/src/styles/theme.ts": {"path":"/Users/reginaldomiranda/dnc/dnc-sales-dashboard-rm/src/styles/theme.ts","statementMap":{"0":{"start":{"line":3,"column":13},"end":{"line":42,"column":null}},"1":{"start":{"line":44,"column":13},"end":{"line":83,"column":null}}},"fnMap":{},"branchMap":{},"s":{"0":3,"1":3},"f":{},"b":{}}
,"/Users/reginaldomiranda/dnc/dnc-sales-dashboard-rm/src/utils/currencyConvert.ts": {"path":"/Users/reginaldomiranda/dnc/dnc-sales-dashboard-rm/src/utils/currencyConvert.ts","statementMap":{"0":{"start":{"line":7,"column":0},"end":{"line":7,"column":16}},"1":{"start":{"line":8,"column":4},"end":{"line":11,"column":null}}},"fnMap":{"0":{"name":"currencyConverter","decl":{"start":{"line":7,"column":16},"end":{"line":7,"column":33}},"loc":{"start":{"line":7,"column":47},"end":{"line":12,"column":1}}}},"branchMap":{},"s":{"0":3,"1":0},"f":{"0":0},"b":{}}
,"/Users/reginaldomiranda/dnc/dnc-sales-dashboard-rm/src/utils/highlightTextConvert.ts": {"path":"/Users/reginaldomiranda/dnc/dnc-sales-dashboard-rm/src/utils/highlightTextConvert.ts","statementMap":{"0":{"start":{"line":7,"column":0},"end":{"line":7,"column":16}},"1":{"start":{"line":8,"column":2},"end":{"line":17,"column":3}},"2":{"start":{"line":10,"column":7},"end":{"line":10,"column":null}},"3":{"start":{"line":12,"column":8},"end":{"line":12,"column":null}},"4":{"start":{"line":14,"column":8},"end":{"line":14,"column":null}},"5":{"start":{"line":16,"column":8},"end":{"line":16,"column":null}}},"fnMap":{"0":{"name":"highlightTextConvert","decl":{"start":{"line":7,"column":16},"end":{"line":7,"column":36}},"loc":{"start":{"line":7,"column":49},"end":{"line":18,"column":1}}}},"branchMap":{"0":{"loc":{"start":{"line":8,"column":2},"end":{"line":17,"column":3}},"type":"switch","locations":[{"start":{"line":9,"column":4},"end":{"line":10,"column":null}},{"start":{"line":11,"column":4},"end":{"line":12,"column":null}},{"start":{"line":13,"column":4},"end":{"line":14,"column":null}},{"start":{"line":15,"column":4},"end":{"line":16,"column":null}}]}},"s":{"0":4,"1":4,"2":1,"3":1,"4":1,"5":1},"f":{"0":4},"b":{"0":[1,1,1,1]}}
,"/Users/reginaldomiranda/dnc/dnc-sales-dashboard-rm/src/utils/index.ts": {"path":"/Users/reginaldomiranda/dnc/dnc-sales-dashboard-rm/src/utils/index.ts","statementMap":{"0":{"start":{"line":1,"column":0},"end":{"line":1,"column":33}},"1":{"start":{"line":2,"column":0},"end":{"line":2,"column":38}},"2":{"start":{"line":3,"column":0},"end":{"line":3,"column":44}},"3":{"start":{"line":4,"column":0},"end":{"line":4,"column":25}}},"fnMap":{},"branchMap":{},"s":{"0":3,"1":3,"2":3,"3":3},"f":{},"b":{}}
,"/Users/reginaldomiranda/dnc/dnc-sales-dashboard-rm/src/utils/jwtExpirationDateConverter.ts": {"path":"/Users/reginaldomiranda/dnc/dnc-sales-dashboard-rm/src/utils/jwtExpirationDateConverter.ts","statementMap":{"0":{"start":{"line":7,"column":0},"end":{"line":7,"column":16}},"1":{"start":{"line":8,"column":24},"end":{"line":8,"column":51}},"2":{"start":{"line":9,"column":35},"end":{"line":9,"column":52}},"3":{"start":{"line":10,"column":26},"end":{"line":10,"column":38}},"4":{"start":{"line":11,"column":32},"end":{"line":11,"column":70}},"5":{"start":{"line":12,"column":4},"end":{"line":12,"column":31}}},"fnMap":{"0":{"name":"jwtExpirationDateConverter","decl":{"start":{"line":7,"column":16},"end":{"line":7,"column":42}},"loc":{"start":{"line":7,"column":54},"end":{"line":13,"column":1}}}},"branchMap":{},"s":{"0":4,"1":3,"2":3,"3":3,"4":3,"5":3},"f":{"0":3},"b":{}}
,"/Users/reginaldomiranda/dnc/dnc-sales-dashboard-rm/src/utils/pxToRem.ts": {"path":"/Users/reginaldomiranda/dnc/dnc-sales-dashboard-rm/src/utils/pxToRem.ts","statementMap":{"0":{"start":{"line":7,"column":0},"end":{"line":7,"column":16}},"1":{"start":{"line":8,"column":4},"end":{"line":8,"column":32}}},"fnMap":{"0":{"name":"pxToRem","decl":{"start":{"line":7,"column":16},"end":{"line":7,"column":23}},"loc":{"start":{"line":7,"column":38},"end":{"line":9,"column":1}}}},"branchMap":{},"s":{"0":4,"1":94},"f":{"0":94},"b":{}}
}
