TN:
SF:src/components/AvatarList.tsx
FN:6,AvatarList
FN:10,(anonymous_1)
FNF:2
FNH:0
FNDA:0,AvatarList
FNDA:0,(anonymous_1)
DA:1,3
DA:2,3
DA:3,3
DA:7,0
DA:11,0
DA:43,3
LF:6
LH:4
BRF:0
BRH:0
end_of_record
TN:
SF:src/components/BannerImage.tsx
FNF:0
FNH:0
DA:1,4
DA:3,4
LF:2
LH:2
BRF:0
BRH:0
end_of_record
TN:
SF:src/components/CardComponents.tsx
FN:5,(anonymous_1)
FN:6,(anonymous_2)
FN:11,(anonymous_3)
FN:12,(anonymous_4)
FN:15,(anonymous_5)
FN:16,(anonymous_6)
FN:19,(anonymous_7)
FN:20,(anonymous_8)
FNF:8
FNH:8
FNDA:8,(anonymous_1)
FNDA:8,(anonymous_2)
FNDA:8,(anonymous_3)
FNDA:8,(anonymous_4)
FNDA:8,(anonymous_5)
FNDA:8,(anonymous_6)
FNDA:8,(anonymous_7)
FNDA:8,(anonymous_8)
DA:1,3
DA:2,3
DA:4,3
DA:5,8
DA:6,8
DA:11,8
DA:12,8
DA:15,8
DA:16,8
DA:19,8
DA:20,8
LF:11
LH:11
BRF:0
BRH:0
end_of_record
TN:
SF:src/components/CustomChart.tsx
FN:31,CustomChart
FNF:1
FNH:0
FNDA:0,CustomChart
DA:1,3
DA:3,3
DA:16,3
DA:17,3
DA:20,3
DA:33,0
DA:34,0
DA:35,0
DA:71,0
DA:83,0
DA:89,3
LF:11
LH:6
BRDA:83,0,0,0
BRDA:83,0,1,0
BRF:2
BRH:0
end_of_record
TN:
SF:src/components/CustomTable.tsx
FN:9,(anonymous_1)
FN:39,(anonymous_2)
FN:44,(anonymous_3)
FN:51,CustomTable
FN:60,(anonymous_5)
FN:69,(anonymous_6)
FN:72,(anonymous_7)
FNF:7
FNH:0
FNDA:0,(anonymous_1)
FNDA:0,(anonymous_2)
FNDA:0,(anonymous_3)
FNDA:0,CustomTable
FNDA:0,(anonymous_5)
FNDA:0,(anonymous_6)
FNDA:0,(anonymous_7)
DA:1,3
DA:3,3
DA:5,3
DA:9,0
DA:39,0
DA:44,0
DA:52,0
DA:54,0
DA:61,0
DA:70,0
DA:73,0
DA:89,3
LF:12
LH:4
BRF:0
BRH:0
end_of_record
TN:
SF:src/components/FormComponents.tsx
FN:12,FormComponent
FN:16,(anonymous_1)
FN:19,(anonymous_2)
FNF:3
FNH:0
FNDA:0,FormComponent
FNDA:0,(anonymous_1)
FNDA:0,(anonymous_2)
DA:1,3
DA:2,3
DA:4,3
DA:6,3
DA:13,0
DA:14,0
DA:17,0
DA:20,0
DA:30,3
LF:9
LH:5
BRDA:22,0,0,0
BRDA:22,0,1,0
BRDA:23,1,0,0
BRDA:23,1,1,0
BRF:4
BRH:0
end_of_record
TN:
SF:src/components/Header.tsx
FN:8,(anonymous_1)
FN:9,(anonymous_2)
FN:13,Header
FNF:3
FNH:0
FNDA:0,(anonymous_1)
FNDA:0,(anonymous_2)
FNDA:0,Header
DA:1,3
DA:2,3
DA:3,3
DA:4,3
DA:5,3
DA:7,3
DA:8,0
DA:9,0
DA:14,0
DA:29,3
LF:10
LH:7
BRF:0
BRH:0
end_of_record
TN:
SF:src/components/Logo.tsx
FN:5,(anonymous_1)
FN:7,(anonymous_2)
FN:8,(anonymous_3)
FNF:3
FNH:3
FNDA:4,(anonymous_1)
FNDA:4,(anonymous_2)
FNDA:4,(anonymous_3)
DA:1,3
DA:2,3
DA:4,3
DA:5,4
DA:7,4
DA:8,4
DA:10,3
LF:7
LH:7
BRF:0
BRH:0
end_of_record
TN:
SF:src/components/StyledButton.tsx
FN:18,(anonymous_1)
FN:19,(anonymous_2)
FN:21,(anonymous_3)
FN:26,(anonymous_4)
FN:27,(anonymous_5)
FN:30,(anonymous_6)
FN:36,(anonymous_7)
FN:41,(anonymous_8)
FN:46,(anonymous_9)
FN:47,(anonymous_10)
FN:51,(anonymous_11)
FN:52,(anonymous_12)
FNF:12
FNH:12
FNDA:8,(anonymous_1)
FNDA:8,(anonymous_2)
FNDA:8,(anonymous_3)
FNDA:8,(anonymous_4)
FNDA:8,(anonymous_5)
FNDA:8,(anonymous_6)
FNDA:8,(anonymous_7)
FNDA:8,(anonymous_8)
FNDA:8,(anonymous_9)
FNDA:8,(anonymous_10)
FNDA:8,(anonymous_11)
FNDA:8,(anonymous_12)
DA:1,3
DA:3,3
DA:5,3
DA:18,8
DA:19,8
DA:21,8
DA:26,8
DA:27,8
DA:30,8
DA:36,8
DA:41,8
DA:46,8
DA:47,8
DA:51,8
DA:52,8
LF:15
LH:15
BRF:0
BRH:0
end_of_record
TN:
SF:src/components/StyledInput.tsx
FN:6,(anonymous_1)
FN:7,(anonymous_2)
FN:9,(anonymous_3)
FN:20,(anonymous_4)
FN:21,(anonymous_5)
FN:22,(anonymous_6)
FN:27,(anonymous_7)
FNF:7
FNH:0
FNDA:0,(anonymous_1)
FNDA:0,(anonymous_2)
FNDA:0,(anonymous_3)
FNDA:0,(anonymous_4)
FNDA:0,(anonymous_5)
FNDA:0,(anonymous_6)
FNDA:0,(anonymous_7)
DA:1,3
DA:3,3
DA:5,3
DA:6,0
DA:7,0
DA:9,0
DA:20,0
DA:21,0
DA:22,0
DA:27,0
LF:10
LH:3
BRF:0
BRH:0
end_of_record
TN:
SF:src/components/index.ts
FN:8,(anonymous_5)
FN:9,(anonymous_6)
FN:10,(anonymous_7)
FN:11,(anonymous_8)
FN:12,(anonymous_9)
FNF:5
FNH:0
FNDA:0,(anonymous_5)
FNDA:0,(anonymous_6)
FNDA:0,(anonymous_7)
FNDA:0,(anonymous_8)
FNDA:0,(anonymous_9)
DA:2,3
DA:3,3
DA:4,3
DA:5,3
DA:6,3
DA:7,3
DA:8,3
DA:9,3
DA:10,3
DA:11,3
DA:12,3
LF:11
LH:11
BRF:0
BRH:0
end_of_record
TN:
SF:src/components/typographies.tsx
FN:6,(anonymous_1)
FN:7,(anonymous_2)
FN:8,(anonymous_3)
FN:10,(anonymous_4)
FN:14,(anonymous_5)
FN:15,(anonymous_6)
FN:16,(anonymous_7)
FN:18,(anonymous_8)
FN:22,(anonymous_9)
FN:23,(anonymous_10)
FN:24,(anonymous_11)
FN:26,(anonymous_12)
FN:31,(anonymous_13)
FN:32,(anonymous_14)
FN:33,(anonymous_15)
FN:34,(anonymous_16)
FN:37,(anonymous_17)
FN:38,(anonymous_18)
FN:39,(anonymous_19)
FN:40,(anonymous_20)
FN:43,(anonymous_21)
FN:44,(anonymous_22)
FN:45,(anonymous_23)
FN:46,(anonymous_24)
FNF:24
FNH:0
FNDA:0,(anonymous_1)
FNDA:0,(anonymous_2)
FNDA:0,(anonymous_3)
FNDA:0,(anonymous_4)
FNDA:0,(anonymous_5)
FNDA:0,(anonymous_6)
FNDA:0,(anonymous_7)
FNDA:0,(anonymous_8)
FNDA:0,(anonymous_9)
FNDA:0,(anonymous_10)
FNDA:0,(anonymous_11)
FNDA:0,(anonymous_12)
FNDA:0,(anonymous_13)
FNDA:0,(anonymous_14)
FNDA:0,(anonymous_15)
FNDA:0,(anonymous_16)
FNDA:0,(anonymous_17)
FNDA:0,(anonymous_18)
FNDA:0,(anonymous_19)
FNDA:0,(anonymous_20)
FNDA:0,(anonymous_21)
FNDA:0,(anonymous_22)
FNDA:0,(anonymous_23)
FNDA:0,(anonymous_24)
DA:1,3
DA:3,3
DA:5,3
DA:6,0
DA:7,0
DA:8,0
DA:10,0
DA:13,3
DA:14,0
DA:15,0
DA:16,0
DA:18,0
DA:21,3
DA:22,0
DA:23,0
DA:24,0
DA:26,0
DA:30,3
DA:31,0
DA:32,0
DA:33,0
DA:34,0
DA:36,3
DA:37,0
DA:38,0
DA:39,0
DA:40,0
DA:42,3
DA:43,0
DA:44,0
DA:45,0
DA:46,0
LF:32
LH:8
BRDA:6,0,0,0
BRDA:6,0,1,0
BRDA:7,1,0,0
BRDA:7,1,1,0
BRDA:8,2,0,0
BRDA:8,2,1,0
BRDA:10,3,0,0
BRDA:10,3,1,0
BRDA:14,4,0,0
BRDA:14,4,1,0
BRDA:15,5,0,0
BRDA:15,5,1,0
BRDA:16,6,0,0
BRDA:16,6,1,0
BRDA:18,7,0,0
BRDA:18,7,1,0
BRDA:22,8,0,0
BRDA:22,8,1,0
BRDA:23,9,0,0
BRDA:23,9,1,0
BRDA:24,10,0,0
BRDA:24,10,1,0
BRDA:26,11,0,0
BRDA:26,11,1,0
BRDA:31,12,0,0
BRDA:31,12,1,0
BRDA:32,13,0,0
BRDA:32,13,1,0
BRDA:33,14,0,0
BRDA:33,14,1,0
BRDA:34,15,0,0
BRDA:34,15,1,0
BRDA:37,16,0,0
BRDA:37,16,1,0
BRDA:38,17,0,0
BRDA:38,17,1,0
BRDA:39,18,0,0
BRDA:39,18,1,0
BRDA:40,19,0,0
BRDA:40,19,1,0
BRDA:43,20,0,0
BRDA:43,20,1,0
BRDA:44,21,0,0
BRDA:44,21,1,0
BRDA:45,22,0,0
BRDA:45,22,1,0
BRDA:46,23,0,0
BRDA:46,23,1,0
BRF:48
BRH:0
end_of_record
TN:
SF:src/resources/themesList.ts
FNF:0
FNH:0
DA:1,3
DA:3,3
LF:2
LH:2
BRF:0
BRH:0
end_of_record
TN:
SF:src/styles/theme.ts
FNF:0
FNH:0
DA:3,3
DA:44,3
LF:2
LH:2
BRF:0
BRH:0
end_of_record
TN:
SF:src/utils/currencyConvert.ts
FN:7,currencyConverter
FNF:1
FNH:0
FNDA:0,currencyConverter
DA:7,3
DA:8,0
LF:2
LH:1
BRF:0
BRH:0
end_of_record
TN:
SF:src/utils/highlightTextConvert.ts
FN:7,highlightTextConvert
FNF:1
FNH:1
FNDA:4,highlightTextConvert
DA:7,4
DA:8,4
DA:10,1
DA:12,1
DA:14,1
DA:16,1
LF:6
LH:6
BRDA:8,0,0,1
BRDA:8,0,1,1
BRDA:8,0,2,1
BRDA:8,0,3,1
BRF:4
BRH:4
end_of_record
TN:
SF:src/utils/index.ts
FNF:0
FNH:0
DA:1,3
DA:2,3
DA:3,3
DA:4,3
LF:4
LH:4
BRF:0
BRH:0
end_of_record
TN:
SF:src/utils/jwtExpirationDateConverter.ts
FN:7,jwtExpirationDateConverter
FNF:1
FNH:1
FNDA:3,jwtExpirationDateConverter
DA:7,4
DA:8,3
DA:9,3
DA:10,3
DA:11,3
DA:12,3
LF:6
LH:6
BRF:0
BRH:0
end_of_record
TN:
SF:src/utils/pxToRem.ts
FN:7,pxToRem
FNF:1
FNH:1
FNDA:94,pxToRem
DA:7,4
DA:8,94
LF:2
LH:2
BRF:0
BRH:0
end_of_record
