TN:
SF:src/components/BannerImage.tsx
FNF:0
FNH:0
DA:1,1
DA:3,1
LF:2
LH:2
BRF:0
BRH:0
end_of_record
TN:
SF:src/utils/highlightTextConvert.ts
FN:7,highlightTextConvert
FNF:1
FNH:1
FNDA:4,highlightTextConvert
DA:7,1
DA:8,4
DA:10,1
DA:12,1
DA:14,1
DA:16,1
LF:6
LH:6
BRDA:8,0,0,1
BRDA:8,0,1,1
BRDA:8,0,2,1
BRDA:8,0,3,1
BRF:4
BRH:4
end_of_record
TN:
SF:src/utils/jwtExpirationDateConverter.ts
FN:7,jwtExpirationDateConverter
FNF:1
FNH:1
FNDA:3,jwtExpirationDateConverter
DA:7,1
DA:8,3
DA:9,3
DA:10,3
DA:11,3
DA:12,3
LF:6
LH:6
BRF:0
BRH:0
end_of_record
TN:
SF:src/utils/pxToRem.ts
FN:7,pxToRem
FNF:1
FNH:1
FNDA:7,pxToRem
DA:7,1
DA:8,7
LF:2
LH:2
BRF:0
BRH:0
end_of_record
